<?xml version="1.0" encoding="UTF-8"?>
<testsuite name="college.spb.at.employeemanager.EmployeeManagerApplicationTests" tests="1" skipped="0" failures="0" errors="0" timestamp="2024-06-23T01:12:31" hostname="Gabriels-MacBook-Pro.local" time="0.247">
  <properties/>
  <testcase name="contextLoads()" classname="college.spb.at.employeemanager.EmployeeManagerApplicationTests" time="0.247"/>
  <system-out><![CDATA[22:12:29.045 [Test worker] INFO org.springframework.test.context.support.AnnotationConfigContextLoaderUtils -- Could not detect default configuration classes for test class [college.spb.at.employeemanager.EmployeeManagerApplicationTests]: EmployeeManagerApplicationTests does not declare any static, non-private, non-final, nested classes annotated with @Configuration.
22:12:29.080 [Test worker] INFO org.springframework.boot.test.context.SpringBootTestContextBootstrapper -- Found @SpringBootConfiguration college.spb.at.employeemanager.EmployeeManagerApplication for test class college.spb.at.employeemanager.EmployeeManagerApplicationTests
  .   ____          _            __ _ _
 /\\ / ___'_ __ _ _(_)_ __  __ _ \ \ \ \
( ( )\___ | '_ | '_| | '_ \/ _` | \ \ \ \
 \\/  ___)| |_)| | | | | || (_| |  ) ) ) )
  '  |____| .__|_| |_|_| |_\__, | / / / /
 =========|_|==============|___/=/_/_/_/

 :: Spring Boot ::                (v3.3.0)

2024-06-22T22:12:29.210-03:00  INFO 10427 --- [EmployeeManager] [    Test worker] c.s.a.e.EmployeeManagerApplicationTests  : Starting EmployeeManagerApplicationTests using Java 21.0.2 with PID 10427 (started by gtauber in /Users/gtauber/Documents/Development/College/2024/T2/SprongBoot Development/AT/EmployeeManager)
2024-06-22T22:12:29.210-03:00  INFO 10427 --- [EmployeeManager] [    Test worker] c.s.a.e.EmployeeManagerApplicationTests  : No active profile set, falling back to 1 default profile: "local"
2024-06-22T22:12:29.596-03:00  INFO 10427 --- [EmployeeManager] [    Test worker] .s.d.r.c.RepositoryConfigurationDelegate : Multiple Spring Data modules found, entering strict repository configuration mode
2024-06-22T22:12:29.597-03:00  INFO 10427 --- [EmployeeManager] [    Test worker] .s.d.r.c.RepositoryConfigurationDelegate : Bootstrapping Spring Data JPA repositories in DEFAULT mode.
2024-06-22T22:12:29.648-03:00  INFO 10427 --- [EmployeeManager] [    Test worker] .RepositoryConfigurationExtensionSupport : Spring Data JPA - Could not safely identify store assignment for repository candidate interface college.spb.at.employeemanager.repository.UserRepository; If you want this repository to be a JPA repository, consider annotating your entities with one of these annotations: jakarta.persistence.Entity, jakarta.persistence.MappedSuperclass (preferred), or consider extending one of the following types with your repository: org.springframework.data.jpa.repository.JpaRepository
2024-06-22T22:12:29.658-03:00  INFO 10427 --- [EmployeeManager] [    Test worker] .s.d.r.c.RepositoryConfigurationDelegate : Finished Spring Data repository scanning in 58 ms. Found 2 JPA repository interfaces.
2024-06-22T22:12:29.661-03:00  INFO 10427 --- [EmployeeManager] [    Test worker] .s.d.r.c.RepositoryConfigurationDelegate : Multiple Spring Data modules found, entering strict repository configuration mode
2024-06-22T22:12:29.661-03:00  INFO 10427 --- [EmployeeManager] [    Test worker] .s.d.r.c.RepositoryConfigurationDelegate : Bootstrapping Spring Data MongoDB repositories in DEFAULT mode.
2024-06-22T22:12:29.664-03:00  INFO 10427 --- [EmployeeManager] [    Test worker] .RepositoryConfigurationExtensionSupport : Spring Data MongoDB - Could not safely identify store assignment for repository candidate interface college.spb.at.employeemanager.repository.DepartmentRepository; If you want this repository to be a MongoDB repository, consider annotating your entities with one of these annotations: org.springframework.data.mongodb.core.mapping.Document (preferred), or consider extending one of the following types with your repository: org.springframework.data.mongodb.repository.MongoRepository
2024-06-22T22:12:29.664-03:00  INFO 10427 --- [EmployeeManager] [    Test worker] .RepositoryConfigurationExtensionSupport : Spring Data MongoDB - Could not safely identify store assignment for repository candidate interface college.spb.at.employeemanager.repository.EmployeeRepository; If you want this repository to be a MongoDB repository, consider annotating your entities with one of these annotations: org.springframework.data.mongodb.core.mapping.Document (preferred), or consider extending one of the following types with your repository: org.springframework.data.mongodb.repository.MongoRepository
2024-06-22T22:12:29.667-03:00  INFO 10427 --- [EmployeeManager] [    Test worker] .s.d.r.c.RepositoryConfigurationDelegate : Finished Spring Data repository scanning in 5 ms. Found 1 MongoDB repository interface.
2024-06-22T22:12:29.670-03:00  INFO 10427 --- [EmployeeManager] [    Test worker] .s.d.r.c.RepositoryConfigurationDelegate : Multiple Spring Data modules found, entering strict repository configuration mode
2024-06-22T22:12:29.671-03:00  INFO 10427 --- [EmployeeManager] [    Test worker] .s.d.r.c.RepositoryConfigurationDelegate : Bootstrapping Spring Data Redis repositories in DEFAULT mode.
2024-06-22T22:12:29.675-03:00  INFO 10427 --- [EmployeeManager] [    Test worker] .RepositoryConfigurationExtensionSupport : Spring Data Redis - Could not safely identify store assignment for repository candidate interface college.spb.at.employeemanager.repository.DepartmentRepository; If you want this repository to be a Redis repository, consider annotating your entities with one of these annotations: org.springframework.data.redis.core.RedisHash (preferred), or consider extending one of the following types with your repository: org.springframework.data.keyvalue.repository.KeyValueRepository
2024-06-22T22:12:29.675-03:00  INFO 10427 --- [EmployeeManager] [    Test worker] .RepositoryConfigurationExtensionSupport : Spring Data Redis - Could not safely identify store assignment for repository candidate interface college.spb.at.employeemanager.repository.EmployeeRepository; If you want this repository to be a Redis repository, consider annotating your entities with one of these annotations: org.springframework.data.redis.core.RedisHash (preferred), or consider extending one of the following types with your repository: org.springframework.data.keyvalue.repository.KeyValueRepository
2024-06-22T22:12:29.675-03:00  INFO 10427 --- [EmployeeManager] [    Test worker] .RepositoryConfigurationExtensionSupport : Spring Data Redis - Could not safely identify store assignment for repository candidate interface college.spb.at.employeemanager.repository.UserRepository; If you want this repository to be a Redis repository, consider annotating your entities with one of these annotations: org.springframework.data.redis.core.RedisHash (preferred), or consider extending one of the following types with your repository: org.springframework.data.keyvalue.repository.KeyValueRepository
2024-06-22T22:12:29.675-03:00  INFO 10427 --- [EmployeeManager] [    Test worker] .s.d.r.c.RepositoryConfigurationDelegate : Finished Spring Data repository scanning in 2 ms. Found 0 Redis repository interfaces.
2024-06-22T22:12:30.122-03:00  INFO 10427 --- [EmployeeManager] [    Test worker] org.flywaydb.core.FlywayExecutor         : Database: jdbc:mysql://localhost:3306/employee_mng (MySQL 8.2)
2024-06-22T22:12:30.143-03:00  WARN 10427 --- [EmployeeManager] [    Test worker] o.f.c.internal.database.base.Database    : Flyway upgrade recommended: MySQL 8.2 is newer than this version of Flyway and support has not been tested. The latest supported version of MySQL is 8.1.
2024-06-22T22:12:30.171-03:00  INFO 10427 --- [EmployeeManager] [    Test worker] o.f.core.internal.command.DbValidate     : Successfully validated 2 migrations (execution time 00:00.018s)
2024-06-22T22:12:30.182-03:00  INFO 10427 --- [EmployeeManager] [    Test worker] o.f.core.internal.command.DbMigrate      : Current version of schema `employee_mng`: 1.0.0
2024-06-22T22:12:30.184-03:00  INFO 10427 --- [EmployeeManager] [    Test worker] o.f.core.internal.command.DbMigrate      : Schema `employee_mng` is up to date. No migration necessary.
2024-06-22T22:12:30.223-03:00  INFO 10427 --- [EmployeeManager] [    Test worker] o.hibernate.jpa.internal.util.LogHelper  : HHH000204: Processing PersistenceUnitInfo [name: default]
2024-06-22T22:12:30.238-03:00  INFO 10427 --- [EmployeeManager] [    Test worker] org.hibernate.Version                    : HHH000412: Hibernate ORM core version 6.5.2.Final
2024-06-22T22:12:30.248-03:00  INFO 10427 --- [EmployeeManager] [    Test worker] o.h.c.internal.RegionFactoryInitiator    : HHH000026: Second-level cache disabled
2024-06-22T22:12:30.336-03:00  INFO 10427 --- [EmployeeManager] [    Test worker] o.s.o.j.p.SpringPersistenceUnitInfo      : No LoadTimeWeaver setup: ignoring JPA class transformer
2024-06-22T22:12:30.345-03:00  INFO 10427 --- [EmployeeManager] [    Test worker] com.zaxxer.hikari.HikariDataSource       : HikariPool-1 - Starting...
2024-06-22T22:12:30.363-03:00  INFO 10427 --- [EmployeeManager] [    Test worker] com.zaxxer.hikari.pool.HikariPool        : HikariPool-1 - Added connection com.mysql.cj.jdbc.ConnectionImpl@76bdfc19
2024-06-22T22:12:30.363-03:00  INFO 10427 --- [EmployeeManager] [    Test worker] com.zaxxer.hikari.HikariDataSource       : HikariPool-1 - Start completed.
2024-06-22T22:12:30.381-03:00  WARN 10427 --- [EmployeeManager] [    Test worker] org.hibernate.orm.deprecation            : HHH90000025: MySQLDialect does not need to be specified explicitly using 'hibernate.dialect' (remove the property setting and it will be selected by default)
2024-06-22T22:12:30.664-03:00  INFO 10427 --- [EmployeeManager] [    Test worker] o.h.e.t.j.p.i.JtaPlatformInitiator       : HHH000489: No JTA platform available (set 'hibernate.transaction.jta.platform' to enable JTA platform integration)
2024-06-22T22:12:30.665-03:00  INFO 10427 --- [EmployeeManager] [    Test worker] j.LocalContainerEntityManagerFactoryBean : Initialized JPA EntityManagerFactory for persistence unit 'default'
2024-06-22T22:12:30.756-03:00  INFO 10427 --- [EmployeeManager] [    Test worker] org.mongodb.driver.client                : MongoClient with metadata {"driver": {"name": "mongo-java-driver|sync|spring-boot", "version": "5.0.1"}, "os": {"type": "Darwin", "name": "Mac OS X", "architecture": "aarch64", "version": "14.5"}, "platform": "Java/Oracle Corporation/21.0.2+13-58"} created with settings MongoClientSettings{readPreference=primary, writeConcern=WriteConcern{w=null, wTimeout=null ms, journal=null}, retryWrites=true, retryReads=true, readConcern=ReadConcern{level=null}, credential=MongoCredential{mechanism=null, userName='tauber', source='admin', password=<hidden>, mechanismProperties=<hidden>}, transportSettings=null, commandListeners=[io.micrometer.core.instrument.binder.mongodb.MongoMetricsCommandListener@140449d9], codecRegistry=ProvidersCodecRegistry{codecProviders=[ValueCodecProvider{}, BsonValueCodecProvider{}, DBRefCodecProvider{}, DBObjectCodecProvider{}, DocumentCodecProvider{}, CollectionCodecProvider{}, IterableCodecProvider{}, MapCodecProvider{}, GeoJsonCodecProvider{}, GridFSFileCodecProvider{}, Jsr310CodecProvider{}, JsonObjectCodecProvider{}, BsonCodecProvider{}, EnumCodecProvider{}, com.mongodb.client.model.mql.ExpressionCodecProvider@5e78dd7f, com.mongodb.Jep395RecordCodecProvider@cf315f1, com.mongodb.KotlinCodecProvider@7d440378]}, loggerSettings=LoggerSettings{maxDocumentLength=1000}, clusterSettings={hosts=[localhost:27017], srvServiceName=mongodb, mode=SINGLE, requiredClusterType=UNKNOWN, requiredReplicaSetName='null', serverSelector='null', clusterListeners='[]', serverSelectionTimeout='30000 ms', localThreshold='15 ms'}, socketSettings=SocketSettings{connectTimeoutMS=10000, readTimeoutMS=0, receiveBufferSize=0, proxySettings=ProxySettings{host=null, port=null, username=null, password=null}}, heartbeatSocketSettings=SocketSettings{connectTimeoutMS=10000, readTimeoutMS=10000, receiveBufferSize=0, proxySettings=ProxySettings{host=null, port=null, username=null, password=null}}, connectionPoolSettings=ConnectionPoolSettings{maxSize=100, minSize=0, maxWaitTimeMS=120000, maxConnectionLifeTimeMS=0, maxConnectionIdleTimeMS=0, maintenanceInitialDelayMS=0, maintenanceFrequencyMS=60000, connectionPoolListeners=[io.micrometer.core.instrument.binder.mongodb.MongoMetricsConnectionPoolListener@3986b56], maxConnecting=2}, serverSettings=ServerSettings{heartbeatFrequencyMS=10000, minHeartbeatFrequencyMS=500, serverListeners='[]', serverMonitorListeners='[]'}, sslSettings=SslSettings{enabled=false, invalidHostNameAllowed=false, context=null}, applicationName='null', compressorList=[], uuidRepresentation=JAVA_LEGACY, serverApi=null, autoEncryptionSettings=null, dnsClient=null, inetAddressResolver=null, contextProvider=null}
2024-06-22T22:12:30.763-03:00  INFO 10427 --- [EmployeeManager] [localhost:27017] org.mongodb.driver.cluster               : Monitor thread successfully connected to server with description ServerDescription{address=localhost:27017, type=STANDALONE, state=CONNECTED, ok=true, minWireVersion=0, maxWireVersion=21, maxDocumentSize=16777216, logicalSessionTimeoutMinutes=30, roundTripTimeNanos=8952375}
2024-06-22T22:12:31.003-03:00  WARN 10427 --- [EmployeeManager] [    Test worker] JpaBaseConfiguration$JpaWebConfiguration : spring.jpa.open-in-view is enabled by default. Therefore, database queries may be performed during view rendering. Explicitly configure spring.jpa.open-in-view to disable this warning
2024-06-22T22:12:31.015-03:00  INFO 10427 --- [EmployeeManager] [    Test worker] r$InitializeUserDetailsManagerConfigurer : Global AuthenticationManager configured with UserDetailsService bean with name userService
2024-06-22T22:12:31.268-03:00  INFO 10427 --- [EmployeeManager] [    Test worker] o.s.b.a.e.web.EndpointLinksResolver      : Exposing 5 endpoints beneath base path '/actuator'
2024-06-22T22:12:31.298-03:00  INFO 10427 --- [EmployeeManager] [    Test worker] o.s.s.web.DefaultSecurityFilterChain     : Will secure any request with [org.springframework.security.web.session.DisableEncodeUrlFilter@1c63d92e, org.springframework.security.web.context.request.async.WebAsyncManagerIntegrationFilter@3cfd9459, org.springframework.security.web.context.SecurityContextHolderFilter@39c8101c, org.springframework.security.web.header.HeaderWriterFilter@62d59d60, org.springframework.security.web.authentication.logout.LogoutFilter@44d83a12, org.springframework.security.web.authentication.UsernamePasswordAuthenticationFilter@5172cce4, org.springframework.security.web.authentication.ui.DefaultLoginPageGeneratingFilter@3e590067, org.springframework.security.web.authentication.ui.DefaultLogoutPageGeneratingFilter@18bc2d32, org.springframework.security.web.authentication.www.BasicAuthenticationFilter@184e7447, org.springframework.security.web.savedrequest.RequestCacheAwareFilter@2e138608, org.springframework.security.web.servletapi.SecurityContextHolderAwareRequestFilter@d3767cf, org.springframework.security.web.authentication.AnonymousAuthenticationFilter@4cb25b53, org.springframework.security.web.access.ExceptionTranslationFilter@26420ed1, org.springframework.security.web.access.intercept.AuthorizationFilter@3044dd80]
2024-06-22T22:12:31.580-03:00  INFO 10427 --- [EmployeeManager] [    Test worker] c.s.a.e.EmployeeManagerApplicationTests  : Started EmployeeManagerApplicationTests in 2.459 seconds (process running for 2.85)
2024-06-22T22:12:31.761-03:00  INFO 10427 --- [EmployeeManager] [    Test worker] c.s.a.e.config.UserInitializer           : Inserted initial user0 data into MongoDB.
]]></system-out>
  <system-err><![CDATA[WARNING: A Java agent has been loaded dynamically (/Users/gtauber/.gradle/caches/modules-2/files-2.1/net.bytebuddy/byte-buddy-agent/1.14.16/4a451ee6484abac3a498df0f3b33ed00a6fced4d/byte-buddy-agent-1.14.16.jar)
WARNING: If a serviceability tool is in use, please run with -XX:+EnableDynamicAgentLoading to hide this warning
WARNING: If a serviceability tool is not in use, please run with -Djdk.instrument.traceUsage for more information
WARNING: Dynamic loading of agents will be disallowed by default in a future release
]]></system-err>
</testsuite>
